#
# A fatal error has been detected by the Java Runtime Environment:
#
#  EXCEPTION_ACCESS_VIOLATION (0xc0000005) at pc=0x00007ffb06e82c91, pid=22888, tid=4876
#
# JRE version: OpenJDK Runtime Environment (17.0.1+12) (build 17.0.1+12-39)
# Java VM: OpenJDK 64-Bit Server VM (17.0.1+12-39, mixed mode, sharing, tiered, compressed oops, compressed class ptrs, g1 gc, windows-amd64)
# Problematic frame:
# C  [ntdll.dll+0x32c91]
#
# No core dump will be written. Minidumps are not enabled by default on client versions of Windows
#
# If you would like to submit a bug report, please visit:
#   https://bugreport.java.com/bugreport/crash.jsp
# The crash happened outside the Java Virtual Machine in native code.
# See problematic frame for where to report the bug.
#

---------------  S U M M A R Y ------------

Command Line: -javaagent:H:\IntelliJ IDEA Community Edition 2021.3\lib\idea_rt.jar=53117:H:\IntelliJ IDEA Community Edition 2021.3\bin -Dfile.encoding=UTF-8 com.company.Main

Host: Intel(R) Core(TM) i7-8700K CPU @ 3.70GHz, 12 cores, 63G,  Windows 10 , 64 bit Build 19041 (10.0.19041.1466)
Time: Sun Feb  6 20:15:25 2022 W. Europe Standard Time elapsed time: 13.033152 seconds (0d 0h 0m 13s)

---------------  T H R E A D  ---------------

Current thread (0x000002397e8248e0):  JavaThread "AWT-EventQueue-0" [_thread_in_native, id=4876, stack(0x00000062855c0000,0x00000062856c0000)]

Stack: [0x00000062855c0000,0x00000062856c0000],  sp=0x00000062856bcf20,  free space=1011k
Native frames: (J=compiled Java code, j=interpreted, Vv=VM code, C=native code)
C  [ntdll.dll+0x32c91]
C  [ntdll.dll+0x5136c]
C  [ntdll.dll+0xa0bfe]
C  [ntdll.dll+0x63416]
C  [ntdll.dll+0x2fcb4]
C  [ntdll.dll+0x2fae2]
C  0x00007ffafd29e15c

Java frames: (J=compiled Java code, j=interpreted, Vv=VM code)
j  sun.java2d.d3d.D3DSurfaceData.initOps(III)V+0 java.desktop@17.0.1
j  sun.java2d.d3d.D3DSurfaceData.<init>(Lsun/awt/windows/WComponentPeer;Lsun/java2d/d3d/D3DGraphicsConfig;IILjava/awt/Image;Ljava/awt/image/ColorModel;IILsun/java2d/pipe/hw/ExtendedBufferCapabilities$VSyncType;I)V+212 java.desktop@17.0.1
j  sun.java2d.d3d.D3DSurfaceData.createData(Lsun/java2d/d3d/D3DGraphicsConfig;IILjava/awt/image/ColorModel;Ljava/awt/Image;I)Lsun/java2d/d3d/D3DSurfaceData;+70 java.desktop@17.0.1
j  sun.java2d.d3d.D3DVolatileSurfaceManager.initAcceleratedSurface()Lsun/java2d/SurfaceData;+142 java.desktop@17.0.1
j  sun.java2d.d3d.D3DVolatileSurfaceManager.restoreAcceleratedSurface()V+49 java.desktop@17.0.1
J 2710 c1 sun.awt.image.VolatileSurfaceManager.validate(Ljava/awt/GraphicsConfiguration;)I java.desktop@17.0.1 (213 bytes) @ 0x0000023941165a4c [0x0000023941165500+0x000000000000054c]
J 2624 c1 javax.swing.RepaintManager$PaintManager.paint(Ljavax/swing/JComponent;Ljavax/swing/JComponent;Ljava/awt/Graphics;IIII)Z java.desktop@17.0.1 (201 bytes) @ 0x000002394113aed4 [0x000002394113a700+0x00000000000007d4]
J 2488 c1 javax.swing.RepaintManager.paint(Ljavax/swing/JComponent;Ljavax/swing/JComponent;Ljava/awt/Graphics;IIII)V java.desktop@17.0.1 (94 bytes) @ 0x00000239410ed25c [0x00000239410ecea0+0x00000000000003bc]
J 2458 c1 javax.swing.JComponent._paintImmediately(IIII)V java.desktop@17.0.1 (891 bytes) @ 0x00000239410de16c [0x00000239410db660+0x0000000000002b0c]
J 2456 c1 javax.swing.JComponent.paintImmediately(IIII)V java.desktop@17.0.1 (155 bytes) @ 0x00000239410e35fc [0x00000239410e2780+0x0000000000000e7c]
J 2595 c1 javax.swing.RepaintManager$4.run()Ljava/lang/Void; java.desktop@17.0.1 (277 bytes) @ 0x0000023941127cf4 [0x0000023941127600+0x00000000000006f4]
J 2613 c1 javax.swing.RepaintManager.paintDirtyRegions(Ljava/util/Map;)V java.desktop@17.0.1 (196 bytes) @ 0x0000023941130d2c [0x000002394112fb20+0x000000000000120c]
J 2612 c1 javax.swing.RepaintManager.paintDirtyRegions()V java.desktop@17.0.1 (50 bytes) @ 0x0000023941136c5c [0x0000023941136a60+0x00000000000001fc]
J 2611 c1 javax.swing.RepaintManager.prePaintDirtyRegions()V java.desktop@17.0.1 (91 bytes) @ 0x00000239411362ec [0x0000023941135d40+0x00000000000005ac]
J 2608 c1 javax.swing.RepaintManager$ProcessingRunnable.run()V java.desktop@17.0.1 (41 bytes) @ 0x000002394112f44c [0x000002394112f2e0+0x000000000000016c]
J 2734 c2 java.awt.EventQueue.dispatchEventImpl(Ljava/awt/AWTEvent;Ljava/lang/Object;)V java.desktop@17.0.1 (136 bytes) @ 0x00000239482dac84 [0x00000239482da920+0x0000000000000364]
J 1785 c1 java.awt.EventQueue$4.run()Ljava/lang/Void; java.desktop@17.0.1 (60 bytes) @ 0x0000023940f62224 [0x0000023940f620e0+0x0000000000000144]
J 1723 c1 java.awt.EventQueue.dispatchEvent(Ljava/awt/AWTEvent;)V java.desktop@17.0.1 (80 bytes) @ 0x0000023940f41924 [0x0000023940f41360+0x00000000000005c4]
J 1726 c1 java.awt.EventDispatchThread.pumpOneEventForFilters(I)V java.desktop@17.0.1 (113 bytes) @ 0x0000023940f46cb4 [0x0000023940f46620+0x0000000000000694]
j  java.awt.EventDispatchThread.pumpEventsForFilter(ILjava/awt/Conditional;Ljava/awt/EventFilter;)V+35 java.desktop@17.0.1
j  java.awt.EventDispatchThread.pumpEventsForHierarchy(ILjava/awt/Conditional;Ljava/awt/Component;)V+11 java.desktop@17.0.1
j  java.awt.EventDispatchThread.pumpEvents(ILjava/awt/Conditional;)V+4 java.desktop@17.0.1
j  java.awt.EventDispatchThread.pumpEvents(Ljava/awt/Conditional;)V+3 java.desktop@17.0.1
j  java.awt.EventDispatchThread.run()V+9 java.desktop@17.0.1
v  ~StubRoutines::call_stub

siginfo: EXCEPTION_ACCESS_VIOLATION (0xc0000005), reading address 0x00007ffafd4540e4


Register to memory mapping:

RIP=0x00007ffb06e82c91 ntdll.dll
RAX=0x0000000000000813 is an unknown value
RBX=0x000000000000e15c is an unknown value
RCX=0x0000000000000813 is an unknown value
RDX=0x0000000000001839 is an unknown value
RSP=0x00000062856bcf20 is pointing into the stack for thread: 0x000002397e8248e0
RBP=0x00000062856bd4b0 is pointing into the stack for thread: 0x000002397e8248e0
RSI=0x0 is NULL
RDI=0x00007ffafd44e000 is an unknown value
R8 =0x0000000000001027 is an unknown value
R9 =0x0 is NULL
R10=0x00007ffafd4540e4 is an unknown value
R11=0x0000000000150e1c is an unknown value
R12=0x0 is NULL
R13=0x00007ffb06fc18f0 ntdll.dll
R14=0x00000062856bd550 is pointing into the stack for thread: 0x000002397e8248e0
R15=0x00000062856bd4c8 is pointing into the stack for thread: 0x000002397e8248e0


Registers:
RAX=0x0000000000000813, RBX=0x000000000000e15c, RCX=0x0000000000000813, RDX=0x0000000000001839
RSP=0x00000062856bcf20, RBP=0x00000062856bd4b0, RSI=0x0000000000000000, RDI=0x00007ffafd44e000
R8 =0x0000000000001027, R9 =0x0000000000000000, R10=0x00007ffafd4540e4, R11=0x0000000000150e1c
R12=0x0000000000000000, R13=0x00007ffb06fc18f0, R14=0x00000062856bd550, R15=0x00000062856bd4c8
RIP=0x00007ffb06e82c91, EFLAGS=0x0000000000010203

Top of Stack: (sp=0x00000062856bcf20)
0x00000062856bcf20:   0000000000000000 0000006200000000
0x00000062856bcf30:   00000062856bcf40 00000062856bcf48
0x00000062856bcf40:   00007ffafd44e000 00007ffafd290000
0x00000062856bcf50:   0000c1ec001d0000 0000000000000000
0x00000062856bcf60:   00007ffafd29e15c 00007ffb06ea136c
0x00000062856bcf70:   00000062856bdb70 0000000000000000
0x00000062856bcf80:   0000000000000000 00000062856bcfb0
0x00000062856bcf90:   00000062856bcfb0 00000062856bd4d0
0x00000062856bcfa0:   00000062856bd4c0 0000000000000000
0x00000062856bcfb0:   0000000000000000 00000000791fdb80
0x00000062856bcfc0:   0000000000000000 00000000791ff1c0
0x00000062856bcfd0:   00000004791fdbb8 00000000791fec88
0x00000062856bcfe0:   00001fa20010000f 0000000000000033
0x00000062856bcff0:   00010213002b0640 00000000791fda68
0x00000062856bd000:   0000000000000000 0000000000000000
0x00000062856bd010:   0000000000000000 0000000000000000 

Instructions: (pc=0x00007ffb06e82c91)
0x00007ffb06e82b91:   4c 8b 54 24 28 eb 13 b8 7b 00 00 c0 89 44 24 20
0x00007ffb06e82ba1:   4c 8b 4c 24 68 4c 8b 54 24 28 85 c0 78 03 4d 89
0x00007ffb06e82bb1:   11 48 83 c4 40 5b c3 cc b1 01 48 83 fb 40 0f 83
0x00007ffb06e82bc1:   5b ff ff ff b8 7b 00 00 c0 eb e6 cc cc cc cc cc
0x00007ffb06e82bd1:   cc cc cc cc cc cc cc cc cc cc cc cc cc cc cc 48
0x00007ffb06e82be1:   89 5c 24 18 4c 89 74 24 20 41 57 48 83 ec 40 4d
0x00007ffb06e82bf1:   8b f0 4c 8b fa 48 8b d9 4d 85 c0 0f 85 3c 01 00
0x00007ffb06e82c01:   00 48 8b 0d 0f c9 14 00 48 89 74 24 50 48 89 7c
0x00007ffb06e82c11:   24 58 48 3b d9 0f 83 ec 00 00 00 48 8d 54 24 20
0x00007ffb06e82c21:   48 8b cb e8 17 03 00 00 48 8b f8 48 85 ff 0f 84
0x00007ffb06e82c31:   da 02 00 00 8b 4c 24 34 48 b8 ab aa aa aa aa aa
0x00007ffb06e82c41:   aa aa 4c 8b 44 24 28 33 f6 48 f7 e1 4d 89 07 48
0x00007ffb06e82c51:   c1 ea 03 85 d2 74 73 8d 42 ff 49 2b d8 48 8d 04
0x00007ffb06e82c61:   40 44 8b 1c 87 4c 8d 14 87 49 3b db 73 48 44 8d
0x00007ffb06e82c71:   42 fe 44 8b ce 45 85 c0 78 3c 0f 1f 44 00 00 43
0x00007ffb06e82c81:   8d 04 08 d1 f8 48 63 c8 48 8d 14 49 4c 8d 14 97
0x00007ffb06e82c91:   8b 14 97 48 3b da 72 12 41 8b 4a 0c 44 8b da 48
0x00007ffb06e82ca1:   3b d9 72 12 44 8d 48 01 eb 04 44 8d 40 ff 44 8b
0x00007ffb06e82cb1:   da 45 3b c1 7d c9 41 8b c3 48 3b d8 72 0c 41 8b
0x00007ffb06e82cc1:   42 04 48 3b d8 73 03 49 8b f2 48 8b 7c 24 58 48
0x00007ffb06e82cd1:   85 f6 74 19 4d 85 f6 0f 85 ea 00 00 00 48 85 f6
0x00007ffb06e82ce1:   74 0b 8b 46 08 a8 01 0f 85 34 02 00 00 48 8b c6
0x00007ffb06e82cf1:   48 8b 74 24 50 48 8b 5c 24 60 4c 8b 74 24 68 48
0x00007ffb06e82d01:   83 c4 40 41 5f c3 cc 8b 05 12 c8 14 00 48 03 c1
0x00007ffb06e82d11:   48 3b d8 0f 83 02 ff ff ff 0f 28 0d ef c7 14 00
0x00007ffb06e82d21:   f2 0f 10 05 f7 c7 14 00 66 48 0f 7e cf 0f 11 4c
0x00007ffb06e82d31:   24 20 f2 0f 11 44 24 30 e9 ee fe ff ff 41 80 78
0x00007ffb06e82d41:   07 00 4c 8d 1d d6 c6 14 00 0f 85 6b 01 00 00 41
0x00007ffb06e82d51:   80 78 06 00 0f 84 a7 fe ff ff 48 3b 1d c6 c6 14
0x00007ffb06e82d61:   00 0f 83 df 00 00 00 49 3b 5e 08 0f 82 90 fe ff
0x00007ffb06e82d71:   ff 49 3b 5e 10 0f 83 86 fe ff ff 45 0f b6 56 04
0x00007ffb06e82d81:   45 8b 0e 41 8b d2 45 3b d1 0f 83 72 fe ff ff 8b 


Stack slot to memory mapping:
stack at sp + 0 slots: 0x0 is NULL
stack at sp + 1 slots: 0x0000006200000000 is an unknown value
stack at sp + 2 slots: 0x00000062856bcf40 is pointing into the stack for thread: 0x000002397e8248e0
stack at sp + 3 slots: 0x00000062856bcf48 is pointing into the stack for thread: 0x000002397e8248e0
stack at sp + 4 slots: 0x00007ffafd44e000 is an unknown value
stack at sp + 5 slots: 0x00007ffafd290000 is an unknown value
stack at sp + 6 slots: 0x0000c1ec001d0000 is an unknown value
stack at sp + 7 slots: 0x0 is NULL


---------------  P R O C E S S  ---------------

Threads class SMR info:
_java_thread_list=0x000002397e8ceba0, length=20, elements={
0x0000023977fdee10, 0x0000023977fdf9c0, 0x0000023977fecf10, 0x0000023977fed9d0,
0x0000023977fee480, 0x0000023978956ff0, 0x000002397897f110, 0x000002397897fbb0,
0x0000023978988d70, 0x0000023978a4d0d0, 0x0000023978b32930, 0x0000023978b32e00,
0x00000239798ca610, 0x00000239798d3a40, 0x000002397e8248e0, 0x000002397e859aa0,
0x000002397e85bca0, 0x000002397e85cb10, 0x000002397e85cfe0, 0x000002397e85d4b0
}

Java Threads: ( => current thread )
  0x0000023977fdee10 JavaThread "Reference Handler" daemon [_thread_blocked, id=23988, stack(0x0000006283900000,0x0000006283a00000)]
  0x0000023977fdf9c0 JavaThread "Finalizer" daemon [_thread_blocked, id=22820, stack(0x0000006283a00000,0x0000006283b00000)]
  0x0000023977fecf10 JavaThread "Signal Dispatcher" daemon [_thread_blocked, id=3532, stack(0x0000006283b00000,0x0000006283c00000)]
  0x0000023977fed9d0 JavaThread "Attach Listener" daemon [_thread_blocked, id=10548, stack(0x0000006283c00000,0x0000006283d00000)]
  0x0000023977fee480 JavaThread "Service Thread" daemon [_thread_blocked, id=20168, stack(0x0000006283d00000,0x0000006283e00000)]
  0x0000023978956ff0 JavaThread "Monitor Deflation Thread" daemon [_thread_blocked, id=19368, stack(0x0000006283e00000,0x0000006283f00000)]
  0x000002397897f110 JavaThread "C2 CompilerThread0" daemon [_thread_blocked, id=20160, stack(0x0000006283f00000,0x0000006284000000)]
  0x000002397897fbb0 JavaThread "C1 CompilerThread0" daemon [_thread_blocked, id=25376, stack(0x0000006284000000,0x0000006284100000)]
  0x0000023978988d70 JavaThread "Sweeper thread" daemon [_thread_blocked, id=17816, stack(0x0000006284100000,0x0000006284200000)]
  0x0000023978a4d0d0 JavaThread "Common-Cleaner" daemon [_thread_blocked, id=23132, stack(0x0000006284200000,0x0000006284300000)]
  0x0000023978b32930 JavaThread "Monitor Ctrl-Break" daemon [_thread_in_native, id=12528, stack(0x0000006284300000,0x0000006284400000)]
  0x0000023978b32e00 JavaThread "Notification Thread" daemon [_thread_blocked, id=13208, stack(0x0000006284400000,0x0000006284500000)]
  0x00000239798ca610 JavaThread "Java2D Disposer" daemon [_thread_blocked, id=7880, stack(0x0000006284600000,0x0000006284700000)]
  0x00000239798d3a40 JavaThread "AWT-Shutdown" [_thread_blocked, id=10756, stack(0x0000006284700000,0x0000006284800000)]
=>0x000002397e8248e0 JavaThread "AWT-EventQueue-0" [_thread_in_native, id=4876, stack(0x00000062855c0000,0x00000062856c0000)]
  0x000002397e859aa0 JavaThread "Thread-0" [_thread_in_Java, id=20768, stack(0x00000062856c0000,0x00000062857c0000)]
  0x000002397e85bca0 JavaThread "DestroyJavaVM" [_thread_blocked, id=23924, stack(0x0000006283200000,0x0000006283300000)]
  0x000002397e85cb10 JavaThread "TimerQueue" daemon [_thread_blocked, id=25548, stack(0x00000062858c0000,0x00000062859c0000)]
  0x000002397e85cfe0 JavaThread "SIGINT handler" daemon [_thread_blocked, id=21172, stack(0x0000006285cc0000,0x0000006285dc0000)]
  0x000002397e85d4b0 JavaThread "ToolkitShutdown" daemon [_thread_in_native, id=18940, stack(0x0000006285dc0000,0x0000006285ec0000)]

Other Threads:
  0x0000023977fd6350 VMThread "VM Thread" [stack: 0x0000006283800000,0x0000006283900000] [id=7876]
  0x0000023938fbe1a0 WatcherThread [stack: 0x0000006284500000,0x0000006284600000] [id=15824]
  0x0000023938f9ec80 GCTaskThread "GC Thread#0" [stack: 0x0000006283300000,0x0000006283400000] [id=23556]
  0x000002397e6bd150 GCTaskThread "GC Thread#1" [stack: 0x0000006284bc0000,0x0000006284cc0000] [id=23024]
  0x000002397e6bf2e0 GCTaskThread "GC Thread#2" [stack: 0x0000006284cc0000,0x0000006284dc0000] [id=14944]
  0x000002397e6bf590 GCTaskThread "GC Thread#3" [stack: 0x0000006284dc0000,0x0000006284ec0000] [id=21956]
  0x000002397e74f440 GCTaskThread "GC Thread#4" [stack: 0x0000006284ec0000,0x0000006284fc0000] [id=22612]
  0x000002397e74f6f0 GCTaskThread "GC Thread#5" [stack: 0x0000006284fc0000,0x00000062850c0000] [id=22284]
  0x000002397e7519b0 GCTaskThread "GC Thread#6" [stack: 0x00000062850c0000,0x00000062851c0000] [id=24624]
  0x000002397e751c60 GCTaskThread "GC Thread#7" [stack: 0x00000062851c0000,0x00000062852c0000] [id=22104]
  0x000002397e751f10 GCTaskThread "GC Thread#8" [stack: 0x00000062852c0000,0x00000062853c0000] [id=8896]
  0x000002397e732850 GCTaskThread "GC Thread#9" [stack: 0x00000062853c0000,0x00000062854c0000] [id=21452]
  0x0000023938fafa20 ConcurrentGCThread "G1 Main Marker" [stack: 0x0000006283400000,0x0000006283500000] [id=18620]
  0x0000023938fb1a80 ConcurrentGCThread "G1 Conc#0" [stack: 0x0000006283500000,0x0000006283600000] [id=25024]
  0x0000023977f6e010 ConcurrentGCThread "G1 Refine#0" [stack: 0x0000006283600000,0x0000006283700000] [id=8064]
  0x0000023977f6e8d0 ConcurrentGCThread "G1 Service" [stack: 0x0000006283700000,0x0000006283800000] [id=25264]

Threads with active compile tasks:

VM state: not at safepoint (normal execution)

VM Mutex/Monitor currently owned by a thread: None

Heap address: 0x0000000401000000, size: 16368 MB, Compressed Oops mode: Zero based, Oop shift amount: 3

CDS archive(s) mapped at: [0x0000000800000000-0x0000000800bc0000-0x0000000800bc0000), size 12320768, SharedBaseAddress: 0x0000000800000000, ArchiveRelocationMode: 0.
Compressed class space mapped at: 0x0000000800c00000-0x0000000840c00000, reserved size: 1073741824
Narrow klass base: 0x0000000800000000, Narrow klass shift: 0, Narrow klass range: 0x100000000

GC Precious Log:
 CPUs: 12 total, 12 available
 Memory: 65462M
 Large Page Support: Disabled
 NUMA Support: Disabled
 Compressed Oops: Enabled (Zero based)
 Heap Region Size: 8M
 Heap Min Capacity: 8M
 Heap Initial Capacity: 1G
 Heap Max Capacity: 16368M
 Pre-touch: Disabled
 Parallel Workers: 10
 Concurrent Workers: 3
 Concurrent Refinement Workers: 10
 Periodic GC: Disabled

Heap:
 garbage-first heap   total 1048576K, used 194169K [0x0000000401000000, 0x0000000800000000)
  region size 8192K, 18 young (147456K), 1 survivors (8192K)
 Metaspace       used 10871K, committed 11136K, reserved 1064960K
  class space    used 1101K, committed 1216K, reserved 1048576K

Heap Regions: E=young(eden), S=young(survivor), O=old, HS=humongous(starts), HC=humongous(continues), CS=collection set, F=free, OA=open archive, CA=closed archive, TAMS=top-at-mark-start (previous, next)
|   0|0x0000000401000000, 0x0000000401800000, 0x0000000401800000|100%|HS|  |TAMS 0x0000000401000000, 0x0000000401000000| Complete 
|   1|0x0000000401800000, 0x0000000402000000, 0x0000000402000000|100%|HC|  |TAMS 0x0000000401800000, 0x0000000401800000| Complete 
|   2|0x0000000402000000, 0x0000000402800000, 0x0000000402800000|100%| O|  |TAMS 0x0000000402000000, 0x0000000402000000| Untracked 
|   3|0x0000000402800000, 0x0000000403000000, 0x0000000403000000|100%| O|  |TAMS 0x0000000402800000, 0x0000000402800000| Untracked 
|   4|0x0000000403000000, 0x0000000403800000, 0x0000000403800000|100%| O|  |TAMS 0x0000000403000000, 0x0000000403000000| Untracked 
|   5|0x0000000403800000, 0x0000000404000000, 0x0000000404000000|100%| O|  |TAMS 0x0000000403800000, 0x0000000403800000| Untracked 
|   6|0x0000000404000000, 0x0000000404800000, 0x0000000404800000|100%|HS|  |TAMS 0x0000000404000000, 0x0000000404000000| Complete 
|   7|0x0000000404800000, 0x0000000404b0d600, 0x0000000405000000| 38%| O|  |TAMS 0x0000000404800000, 0x0000000404800000| Untracked 
|   8|0x0000000405000000, 0x0000000405000000, 0x0000000405800000|  0%| F|  |TAMS 0x0000000405000000, 0x0000000405000000| Untracked 
|   9|0x0000000405800000, 0x0000000405800000, 0x0000000406000000|  0%| F|  |TAMS 0x0000000405800000, 0x0000000405800000| Untracked 
|  10|0x0000000406000000, 0x0000000406000000, 0x0000000406800000|  0%| F|  |TAMS 0x0000000406000000, 0x0000000406000000| Untracked 
|  11|0x0000000406800000, 0x0000000406800000, 0x0000000407000000|  0%| F|  |TAMS 0x0000000406800000, 0x0000000406800000| Untracked 
|  12|0x0000000407000000, 0x0000000407000000, 0x0000000407800000|  0%| F|  |TAMS 0x0000000407000000, 0x0000000407000000| Untracked 
|  13|0x0000000407800000, 0x0000000407800000, 0x0000000408000000|  0%| F|  |TAMS 0x0000000407800000, 0x0000000407800000| Untracked 
|  14|0x0000000408000000, 0x0000000408000000, 0x0000000408800000|  0%| F|  |TAMS 0x0000000408000000, 0x0000000408000000| Untracked 
|  15|0x0000000408800000, 0x0000000408800000, 0x0000000409000000|  0%| F|  |TAMS 0x0000000408800000, 0x0000000408800000| Untracked 
|  16|0x0000000409000000, 0x0000000409000000, 0x0000000409800000|  0%| F|  |TAMS 0x0000000409000000, 0x0000000409000000| Untracked 
|  17|0x0000000409800000, 0x0000000409800000, 0x000000040a000000|  0%| F|  |TAMS 0x0000000409800000, 0x0000000409800000| Untracked 
|  18|0x000000040a000000, 0x000000040a000000, 0x000000040a800000|  0%| F|  |TAMS 0x000000040a000000, 0x000000040a000000| Untracked 
|  19|0x000000040a800000, 0x000000040a800000, 0x000000040b000000|  0%| F|  |TAMS 0x000000040a800000, 0x000000040a800000| Untracked 
|  20|0x000000040b000000, 0x000000040b000000, 0x000000040b800000|  0%| F|  |TAMS 0x000000040b000000, 0x000000040b000000| Untracked 
|  21|0x000000040b800000, 0x000000040b800000, 0x000000040c000000|  0%| F|  |TAMS 0x000000040b800000, 0x000000040b800000| Untracked 
|  22|0x000000040c000000, 0x000000040c000000, 0x000000040c800000|  0%| F|  |TAMS 0x000000040c000000, 0x000000040c000000| Untracked 
|  23|0x000000040c800000, 0x000000040c800000, 0x000000040d000000|  0%| F|  |TAMS 0x000000040c800000, 0x000000040c800000| Untracked 
|  24|0x000000040d000000, 0x000000040d000000, 0x000000040d800000|  0%| F|  |TAMS 0x000000040d000000, 0x000000040d000000| Untracked 
|  25|0x000000040d800000, 0x000000040d800000, 0x000000040e000000|  0%| F|  |TAMS 0x000000040d800000, 0x000000040d800000| Untracked 
|  26|0x000000040e000000, 0x000000040e000000, 0x000000040e800000|  0%| F|  |TAMS 0x000000040e000000, 0x000000040e000000| Untracked 
|  27|0x000000040e800000, 0x000000040e800000, 0x000000040f000000|  0%| F|  |TAMS 0x000000040e800000, 0x000000040e800000| Untracked 
|  28|0x000000040f000000, 0x000000040f000000, 0x000000040f800000|  0%| F|  |TAMS 0x000000040f000000, 0x000000040f000000| Untracked 
|  29|0x000000040f800000, 0x000000040f800000, 0x0000000410000000|  0%| F|  |TAMS 0x000000040f800000, 0x000000040f800000| Untracked 
|  30|0x0000000410000000, 0x0000000410000000, 0x0000000410800000|  0%| F|  |TAMS 0x0000000410000000, 0x0000000410000000| Untracked 
|  31|0x0000000410800000, 0x0000000410800000, 0x0000000411000000|  0%| F|  |TAMS 0x0000000410800000, 0x0000000410800000| Untracked 
|  32|0x0000000411000000, 0x0000000411000000, 0x0000000411800000|  0%| F|  |TAMS 0x0000000411000000, 0x0000000411000000| Untracked 
|  33|0x0000000411800000, 0x0000000411800000, 0x0000000412000000|  0%| F|  |TAMS 0x0000000411800000, 0x0000000411800000| Untracked 
|  34|0x0000000412000000, 0x0000000412000000, 0x0000000412800000|  0%| F|  |TAMS 0x0000000412000000, 0x0000000412000000| Untracked 
|  35|0x0000000412800000, 0x0000000412800000, 0x0000000413000000|  0%| F|  |TAMS 0x0000000412800000, 0x0000000412800000| Untracked 
|  36|0x0000000413000000, 0x0000000413000000, 0x0000000413800000|  0%| F|  |TAMS 0x0000000413000000, 0x0000000413000000| Untracked 
|  37|0x0000000413800000, 0x0000000413800000, 0x0000000414000000|  0%| F|  |TAMS 0x0000000413800000, 0x0000000413800000| Untracked 
|  38|0x0000000414000000, 0x0000000414000000, 0x0000000414800000|  0%| F|  |TAMS 0x0000000414000000, 0x0000000414000000| Untracked 
|  39|0x0000000414800000, 0x0000000414800000, 0x0000000415000000|  0%| F|  |TAMS 0x0000000414800000, 0x0000000414800000| Untracked 
|  40|0x0000000415000000, 0x0000000415000000, 0x0000000415800000|  0%| F|  |TAMS 0x0000000415000000, 0x0000000415000000| Untracked 
|  41|0x0000000415800000, 0x0000000415800000, 0x0000000416000000|  0%| F|  |TAMS 0x0000000415800000, 0x0000000415800000| Untracked 
|  42|0x0000000416000000, 0x0000000416000000, 0x0000000416800000|  0%| F|  |TAMS 0x0000000416000000, 0x0000000416000000| Untracked 
|  43|0x0000000416800000, 0x0000000416800000, 0x0000000417000000|  0%| F|  |TAMS 0x0000000416800000, 0x0000000416800000| Untracked 
|  44|0x0000000417000000, 0x0000000417000000, 0x0000000417800000|  0%| F|  |TAMS 0x0000000417000000, 0x0000000417000000| Untracked 
|  45|0x0000000417800000, 0x0000000417800000, 0x0000000418000000|  0%| F|  |TAMS 0x0000000417800000, 0x0000000417800000| Untracked 
|  46|0x0000000418000000, 0x0000000418000000, 0x0000000418800000|  0%| F|  |TAMS 0x0000000418000000, 0x0000000418000000| Untracked 
|  47|0x0000000418800000, 0x0000000418800000, 0x0000000419000000|  0%| F|  |TAMS 0x0000000418800000, 0x0000000418800000| Untracked 
|  48|0x0000000419000000, 0x0000000419000000, 0x0000000419800000|  0%| F|  |TAMS 0x0000000419000000, 0x0000000419000000| Untracked 
|  49|0x0000000419800000, 0x0000000419800000, 0x000000041a000000|  0%| F|  |TAMS 0x0000000419800000, 0x0000000419800000| Untracked 
|  50|0x000000041a000000, 0x000000041a000000, 0x000000041a800000|  0%| F|  |TAMS 0x000000041a000000, 0x000000041a000000| Untracked 
|  51|0x000000041a800000, 0x000000041a800000, 0x000000041b000000|  0%| F|  |TAMS 0x000000041a800000, 0x000000041a800000| Untracked 
|  52|0x000000041b000000, 0x000000041b000000, 0x000000041b800000|  0%| F|  |TAMS 0x000000041b000000, 0x000000041b000000| Untracked 
|  53|0x000000041b800000, 0x000000041b800000, 0x000000041c000000|  0%| F|  |TAMS 0x000000041b800000, 0x000000041b800000| Untracked 
|  54|0x000000041c000000, 0x000000041c000000, 0x000000041c800000|  0%| F|  |TAMS 0x000000041c000000, 0x000000041c000000| Untracked 
|  55|0x000000041c800000, 0x000000041c800000, 0x000000041d000000|  0%| F|  |TAMS 0x000000041c800000, 0x000000041c800000| Untracked 
|  56|0x000000041d000000, 0x000000041d000000, 0x000000041d800000|  0%| F|  |TAMS 0x000000041d000000, 0x000000041d000000| Untracked 
|  57|0x000000041d800000, 0x000000041d800000, 0x000000041e000000|  0%| F|  |TAMS 0x000000041d800000, 0x000000041d800000| Untracked 
|  58|0x000000041e000000, 0x000000041e000000, 0x000000041e800000|  0%| F|  |TAMS 0x000000041e000000, 0x000000041e000000| Untracked 
|  59|0x000000041e800000, 0x000000041e800000, 0x000000041f000000|  0%| F|  |TAMS 0x000000041e800000, 0x000000041e800000| Untracked 
|  60|0x000000041f000000, 0x000000041f000000, 0x000000041f800000|  0%| F|  |TAMS 0x000000041f000000, 0x000000041f000000| Untracked 
|  61|0x000000041f800000, 0x000000041f800000, 0x0000000420000000|  0%| F|  |TAMS 0x000000041f800000, 0x000000041f800000| Untracked 
|  62|0x0000000420000000, 0x0000000420000000, 0x0000000420800000|  0%| F|  |TAMS 0x0000000420000000, 0x0000000420000000| Untracked 
|  63|0x0000000420800000, 0x0000000420800000, 0x0000000421000000|  0%| F|  |TAMS 0x0000000420800000, 0x0000000420800000| Untracked 
|  64|0x0000000421000000, 0x0000000421000000, 0x0000000421800000|  0%| F|  |TAMS 0x0000000421000000, 0x0000000421000000| Untracked 
|  65|0x0000000421800000, 0x0000000421800000, 0x0000000422000000|  0%| F|  |TAMS 0x0000000421800000, 0x0000000421800000| Untracked 
|  66|0x0000000422000000, 0x0000000422000000, 0x0000000422800000|  0%| F|  |TAMS 0x0000000422000000, 0x0000000422000000| Untracked 
|  67|0x0000000422800000, 0x0000000422800000, 0x0000000423000000|  0%| F|  |TAMS 0x0000000422800000, 0x0000000422800000| Untracked 
|  68|0x0000000423000000, 0x0000000423000000, 0x0000000423800000|  0%| F|  |TAMS 0x0000000423000000, 0x0000000423000000| Untracked 
|  69|0x0000000423800000, 0x0000000423800000, 0x0000000424000000|  0%| F|  |TAMS 0x0000000423800000, 0x0000000423800000| Untracked 
|  70|0x0000000424000000, 0x0000000424000000, 0x0000000424800000|  0%| F|  |TAMS 0x0000000424000000, 0x0000000424000000| Untracked 
|  71|0x0000000424800000, 0x0000000424800000, 0x0000000425000000|  0%| F|  |TAMS 0x0000000424800000, 0x0000000424800000| Untracked 
|  72|0x0000000425000000, 0x0000000425000000, 0x0000000425800000|  0%| F|  |TAMS 0x0000000425000000, 0x0000000425000000| Untracked 
|  73|0x0000000425800000, 0x0000000425800000, 0x0000000426000000|  0%| F|  |TAMS 0x0000000425800000, 0x0000000425800000| Untracked 
|  74|0x0000000426000000, 0x0000000426000000, 0x0000000426800000|  0%| F|  |TAMS 0x0000000426000000, 0x0000000426000000| Untracked 
|  75|0x0000000426800000, 0x0000000426800000, 0x0000000427000000|  0%| F|  |TAMS 0x0000000426800000, 0x0000000426800000| Untracked 
|  76|0x0000000427000000, 0x0000000427000000, 0x0000000427800000|  0%| F|  |TAMS 0x0000000427000000, 0x0000000427000000| Untracked 
|  77|0x0000000427800000, 0x0000000427800000, 0x0000000428000000|  0%| F|  |TAMS 0x0000000427800000, 0x0000000427800000| Untracked 
|  78|0x0000000428000000, 0x0000000428000000, 0x0000000428800000|  0%| F|  |TAMS 0x0000000428000000, 0x0000000428000000| Untracked 
|  79|0x0000000428800000, 0x0000000428800000, 0x0000000429000000|  0%| F|  |TAMS 0x0000000428800000, 0x0000000428800000| Untracked 
|  80|0x0000000429000000, 0x0000000429000000, 0x0000000429800000|  0%| F|  |TAMS 0x0000000429000000, 0x0000000429000000| Untracked 
|  81|0x0000000429800000, 0x0000000429800000, 0x000000042a000000|  0%| F|  |TAMS 0x0000000429800000, 0x0000000429800000| Untracked 
|  82|0x000000042a000000, 0x000000042a000000, 0x000000042a800000|  0%| F|  |TAMS 0x000000042a000000, 0x000000042a000000| Untracked 
|  83|0x000000042a800000, 0x000000042a800000, 0x000000042b000000|  0%| F|  |TAMS 0x000000042a800000, 0x000000042a800000| Untracked 
|  84|0x000000042b000000, 0x000000042b000000, 0x000000042b800000|  0%| F|  |TAMS 0x000000042b000000, 0x000000042b000000| Untracked 
|  85|0x000000042b800000, 0x000000042b800000, 0x000000042c000000|  0%| F|  |TAMS 0x000000042b800000, 0x000000042b800000| Untracked 
|  86|0x000000042c000000, 0x000000042c000000, 0x000000042c800000|  0%| F|  |TAMS 0x000000042c000000, 0x000000042c000000| Untracked 
|  87|0x000000042c800000, 0x000000042c800000, 0x000000042d000000|  0%| F|  |TAMS 0x000000042c800000, 0x000000042c800000| Untracked 
|  88|0x000000042d000000, 0x000000042d000000, 0x000000042d800000|  0%| F|  |TAMS 0x000000042d000000, 0x000000042d000000| Untracked 
|  89|0x000000042d800000, 0x000000042d800000, 0x000000042e000000|  0%| F|  |TAMS 0x000000042d800000, 0x000000042d800000| Untracked 
|  90|0x000000042e000000, 0x000000042e000000, 0x000000042e800000|  0%| F|  |TAMS 0x000000042e000000, 0x000000042e000000| Untracked 
|  91|0x000000042e800000, 0x000000042e800000, 0x000000042f000000|  0%| F|  |TAMS 0x000000042e800000, 0x000000042e800000| Untracked 
|  92|0x000000042f000000, 0x000000042f000000, 0x000000042f800000|  0%| F|  |TAMS 0x000000042f000000, 0x000000042f000000| Untracked 
|  93|0x000000042f800000, 0x000000042f800000, 0x0000000430000000|  0%| F|  |TAMS 0x000000042f800000, 0x000000042f800000| Untracked 
|  94|0x0000000430000000, 0x0000000430000000, 0x0000000430800000|  0%| F|  |TAMS 0x0000000430000000, 0x0000000430000000| Untracked 
|  95|0x0000000430800000, 0x0000000430800000, 0x0000000431000000|  0%| F|  |TAMS 0x0000000430800000, 0x0000000430800000| Untracked 
|  96|0x0000000431000000, 0x0000000431000000, 0x0000000431800000|  0%| F|  |TAMS 0x0000000431000000, 0x0000000431000000| Untracked 
|  97|0x0000000431800000, 0x0000000431800000, 0x0000000432000000|  0%| F|  |TAMS 0x0000000431800000, 0x0000000431800000| Untracked 
|  98|0x0000000432000000, 0x0000000432000000, 0x0000000432800000|  0%| F|  |TAMS 0x0000000432000000, 0x0000000432000000| Untracked 
|  99|0x0000000432800000, 0x0000000432800000, 0x0000000433000000|  0%| F|  |TAMS 0x0000000432800000, 0x0000000432800000| Untracked 
| 100|0x0000000433000000, 0x0000000433000000, 0x0000000433800000|  0%| F|  |TAMS 0x0000000433000000, 0x0000000433000000| Untracked 
| 101|0x0000000433800000, 0x0000000433800000, 0x0000000434000000|  0%| F|  |TAMS 0x0000000433800000, 0x0000000433800000| Untracked 
| 102|0x0000000434000000, 0x0000000434000000, 0x0000000434800000|  0%| F|  |TAMS 0x0000000434000000, 0x0000000434000000| Untracked 
| 103|0x0000000434800000, 0x0000000434800000, 0x0000000435000000|  0%| F|  |TAMS 0x0000000434800000, 0x0000000434800000| Untracked 
| 104|0x0000000435000000, 0x0000000435000000, 0x0000000435800000|  0%| F|  |TAMS 0x0000000435000000, 0x0000000435000000| Untracked 
| 105|0x0000000435800000, 0x0000000435800000, 0x0000000436000000|  0%| F|  |TAMS 0x0000000435800000, 0x0000000435800000| Untracked 
| 106|0x0000000436000000, 0x0000000436000000, 0x0000000436800000|  0%| F|  |TAMS 0x0000000436000000, 0x0000000436000000| Untracked 
| 107|0x0000000436800000, 0x0000000436800000, 0x0000000437000000|  0%| F|  |TAMS 0x0000000436800000, 0x0000000436800000| Untracked 
| 108|0x0000000437000000, 0x0000000437000000, 0x0000000437800000|  0%| F|  |TAMS 0x0000000437000000, 0x0000000437000000| Untracked 
| 109|0x0000000437800000, 0x0000000437800000, 0x0000000438000000|  0%| F|  |TAMS 0x0000000437800000, 0x0000000437800000| Untracked 
| 110|0x0000000438000000, 0x0000000438300818, 0x0000000438800000| 37%| E|  |TAMS 0x0000000438000000, 0x0000000438000000| Complete 
| 111|0x0000000438800000, 0x0000000439000000, 0x0000000439000000|100%| E|CS|TAMS 0x0000000438800000, 0x0000000438800000| Complete 
| 112|0x0000000439000000, 0x0000000439800000, 0x0000000439800000|100%| E|CS|TAMS 0x0000000439000000, 0x0000000439000000| Complete 
| 113|0x0000000439800000, 0x0000000439a91178, 0x000000043a000000| 32%| S|CS|TAMS 0x0000000439800000, 0x0000000439800000| Complete 
| 114|0x000000043a000000, 0x000000043a800000, 0x000000043a800000|100%| E|CS|TAMS 0x000000043a000000, 0x000000043a000000| Complete 
| 115|0x000000043a800000, 0x000000043b000000, 0x000000043b000000|100%| E|CS|TAMS 0x000000043a800000, 0x000000043a800000| Complete 
| 116|0x000000043b000000, 0x000000043b800000, 0x000000043b800000|100%| E|CS|TAMS 0x000000043b000000, 0x000000043b000000| Complete 
| 117|0x000000043b800000, 0x000000043c000000, 0x000000043c000000|100%| E|CS|TAMS 0x000000043b800000, 0x000000043b800000| Complete 
| 118|0x000000043c000000, 0x000000043c800000, 0x000000043c800000|100%| E|CS|TAMS 0x000000043c000000, 0x000000043c000000| Complete 
| 119|0x000000043c800000, 0x000000043d000000, 0x000000043d000000|100%| E|CS|TAMS 0x000000043c800000, 0x000000043c800000| Complete 
| 120|0x000000043d000000, 0x000000043d800000, 0x000000043d800000|100%| E|CS|TAMS 0x000000043d000000, 0x000000043d000000| Complete 
| 121|0x000000043d800000, 0x000000043e000000, 0x000000043e000000|100%| E|CS|TAMS 0x000000043d800000, 0x000000043d800000| Complete 
| 122|0x000000043e000000, 0x000000043e800000, 0x000000043e800000|100%| E|CS|TAMS 0x000000043e000000, 0x000000043e000000| Complete 
| 123|0x000000043e800000, 0x000000043f000000, 0x000000043f000000|100%| E|CS|TAMS 0x000000043e800000, 0x000000043e800000| Complete 
| 124|0x000000043f000000, 0x000000043f800000, 0x000000043f800000|100%| E|CS|TAMS 0x000000043f000000, 0x000000043f000000| Complete 
| 125|0x000000043f800000, 0x0000000440000000, 0x0000000440000000|100%| E|CS|TAMS 0x000000043f800000, 0x000000043f800000| Complete 
| 126|0x0000000440000000, 0x0000000440800000, 0x0000000440800000|100%| E|CS|TAMS 0x0000000440000000, 0x0000000440000000| Complete 
| 127|0x0000000440800000, 0x0000000441000000, 0x0000000441000000|100%| E|CS|TAMS 0x0000000440800000, 0x0000000440800000| Complete 

Card table byte_map: [0x0000023951c50000,0x0000023953c50000] _byte_map_base: 0x000002394fc48000

Marking Bits (Prev, Next): (CMBitMap*) 0x0000023938f9f130, (CMBitMap*) 0x0000023938f9f170
 Prev Bits: [0x0000023955c50000, 0x0000023965c10000)
 Next Bits: [0x0000023965c10000, 0x0000023975bd0000)

Polling page: 0x0000023936e70000

Metaspace:

Usage:
  Non-class:      9.54 MB used.
      Class:      1.08 MB used.
       Both:     10.62 MB used.

Virtual space:
  Non-class space:       16.00 MB reserved,       9.69 MB ( 61%) committed,  2 nodes.
      Class space:        1.00 GB reserved,       1.19 MB ( <1%) committed,  1 nodes.
             Both:        1.02 GB reserved,      10.88 MB (  1%) committed. 

Chunk freelists:
   Non-Class:  2.26 MB
       Class:  2.65 MB
        Both:  4.92 MB

MaxMetaspaceSize: unlimited
CompressedClassSpaceSize: 1.00 GB
Initial GC threshold: 21.00 MB
Current GC threshold: 21.00 MB
CDS: on
MetaspaceReclaimPolicy: balanced
 - commit_granule_bytes: 65536.
 - commit_granule_words: 8192.
 - virtual_space_node_default_size: 1048576.
 - enlarge_chunks_in_place: 1.
 - new_chunks_are_fully_committed: 0.
 - uncommit_free_chunks: 1.
 - use_allocation_guard: 0.
 - handle_deallocations: 1.


Internal statistics:

num_allocs_failed_limit: 0.
num_arena_births: 310.
num_arena_deaths: 0.
num_vsnodes_births: 3.
num_vsnodes_deaths: 0.
num_space_committed: 174.
num_space_uncommitted: 0.
num_chunks_returned_to_freelist: 0.
num_chunks_taken_from_freelist: 451.
num_chunk_merges: 0.
num_chunk_splits: 255.
num_chunks_enlarged: 83.
num_purges: 0.
num_inconsistent_stats: 0.

CodeHeap 'non-profiled nmethods': size=120000Kb used=1208Kb max_used=1208Kb free=118791Kb
 bounds [0x00000239481b0000, 0x0000023948420000, 0x000002394f6e0000]
CodeHeap 'profiled nmethods': size=120000Kb used=5075Kb max_used=5075Kb free=114924Kb
 bounds [0x0000023940c80000, 0x0000023941180000, 0x00000239481b0000]
CodeHeap 'non-nmethods': size=5760Kb used=1327Kb max_used=1400Kb free=4432Kb
 bounds [0x00000239406e0000, 0x0000023940950000, 0x0000023940c80000]
 total_blobs=3415 nmethods=2746 adapters=581
 compilation: enabled
              stopped_count=0, restarted_count=0
 full_count=0

Compilation events (20 events):
Event: 11.091 Thread 0x000002397897fbb0 2737       3       com.company.Board::paintComponent (54 bytes)
Event: 11.091 Thread 0x000002397897fbb0 nmethod 2737 0x0000023941173890 code [0x0000023941173aa0, 0x0000023941173f98]
Event: 11.424 Thread 0x000002397897f110 2738       4       sun.java2d.pipe.Region::clipScale (41 bytes)
Event: 11.425 Thread 0x000002397897f110 nmethod 2738 0x00000239482dbf90 code [0x00000239482dc120, 0x00000239482dc1b8]
Event: 11.425 Thread 0x000002397897f110 2739       4       sun.java2d.pipe.Region::clipRound (34 bytes)
Event: 11.425 Thread 0x000002397897f110 nmethod 2739 0x00000239482dc290 code [0x00000239482dc440, 0x00000239482dc538]
Event: 11.591 Thread 0x000002397897f110 2740       4       sun.java2d.d3d.D3DSurfaceData::getBounds (98 bytes)
Event: 11.593 Thread 0x000002397897f110 nmethod 2740 0x00000239482dc610 code [0x00000239482dc7e0, 0x00000239482dcb78]
Event: 11.708 Thread 0x000002397897f110 2741       4       java.awt.geom.AffineTransform::translate (547 bytes)
Event: 11.708 Thread 0x000002397897f110 nmethod 2741 0x00000239482dce10 code [0x00000239482dcfc0, 0x00000239482dd118]
Event: 12.025 Thread 0x000002397897f110 2742       4       sun.java2d.pipe.RenderQueue::lock (4 bytes)
Event: 12.027 Thread 0x000002397897f110 nmethod 2742 0x00000239482dd210 code [0x00000239482dd3a0, 0x00000239482dd6e8]
Event: 12.391 Thread 0x000002397897fbb0 2743       3       sun.java2d.pipe.ValidatePipe::drawRect (25 bytes)
Event: 12.392 Thread 0x000002397897fbb0 nmethod 2743 0x0000023941174190 code [0x0000023941174380, 0x0000023941174888]
Event: 12.392 Thread 0x000002397897fbb0 2744       3       sun.java2d.pipe.NullPipe::drawRect (1 bytes)
Event: 12.392 Thread 0x000002397897fbb0 nmethod 2744 0x0000023941174a90 code [0x0000023941174c20, 0x0000023941174d38]
Event: 12.791 Thread 0x000002397897f110 2745       4       java.awt.Rectangle::setBounds (21 bytes)
Event: 12.792 Thread 0x000002397897f110 nmethod 2745 0x00000239482dd890 code [0x00000239482dda00, 0x00000239482ddab8]
Event: 12.941 Thread 0x000002397897f110 2746   !   4       sun.awt.image.SurfaceManager::getManager (47 bytes)
Event: 12.943 Thread 0x000002397897f110 nmethod 2746 0x00000239482ddb90 code [0x00000239482ddd40, 0x00000239482de018]

GC Heap History (8 events):
Event: 0.648 GC heap before
{Heap before GC invocations=0 (full 0):
 garbage-first heap   total 1048576K, used 57344K [0x0000000401000000, 0x0000000800000000)
  region size 8192K, 6 young (49152K), 0 survivors (0K)
 Metaspace       used 5235K, committed 5440K, reserved 1056768K
  class space    used 542K, committed 640K, reserved 1048576K
}
Event: 0.652 GC heap after
{Heap after GC invocations=1 (full 0):
 garbage-first heap   total 1048576K, used 33158K [0x0000000401000000, 0x0000000800000000)
  region size 8192K, 1 young (8192K), 1 survivors (8192K)
 Metaspace       used 5235K, committed 5440K, reserved 1056768K
  class space    used 542K, committed 640K, reserved 1048576K
}
Event: 0.869 GC heap before
{Heap before GC invocations=1 (full 0):
 garbage-first heap   total 1048576K, used 74118K [0x0000000401000000, 0x0000000800000000)
  region size 8192K, 6 young (49152K), 1 survivors (8192K)
 Metaspace       used 7800K, committed 8000K, reserved 1056768K
  class space    used 876K, committed 960K, reserved 1048576K
}
Event: 0.872 GC heap after
{Heap after GC invocations=2 (full 0):
 garbage-first heap   total 1048576K, used 54422K [0x0000000401000000, 0x0000000800000000)
  region size 8192K, 1 young (8192K), 1 survivors (8192K)
 Metaspace       used 7800K, committed 8000K, reserved 1056768K
  class space    used 876K, committed 960K, reserved 1048576K
}
Event: 1.003 GC heap before
{Heap before GC invocations=2 (full 0):
 garbage-first heap   total 1048576K, used 103574K [0x0000000401000000, 0x0000000800000000)
  region size 8192K, 6 young (49152K), 1 survivors (8192K)
 Metaspace       used 7907K, committed 8192K, reserved 1056768K
  class space    used 890K, committed 1024K, reserved 1048576K
}
Event: 1.005 GC heap after
{Heap after GC invocations=3 (full 0):
 garbage-first heap   total 1048576K, used 60544K [0x0000000401000000, 0x0000000800000000)
  region size 8192K, 1 young (8192K), 1 survivors (8192K)
 Metaspace       used 7907K, committed 8192K, reserved 1056768K
  class space    used 890K, committed 1024K, reserved 1048576K
}
Event: 1.262 GC heap before
{Heap before GC invocations=3 (full 0):
 garbage-first heap   total 1048576K, used 167040K [0x0000000401000000, 0x0000000800000000)
  region size 8192K, 14 young (114688K), 1 survivors (8192K)
 Metaspace       used 8466K, committed 8704K, reserved 1056768K
  class space    used 937K, committed 1024K, reserved 1048576K
}
Event: 1.263 GC heap after
{Heap after GC invocations=4 (full 0):
 garbage-first heap   total 1048576K, used 63097K [0x0000000401000000, 0x0000000800000000)
  region size 8192K, 1 young (8192K), 1 survivors (8192K)
 Metaspace       used 8466K, committed 8704K, reserved 1056768K
  class space    used 937K, committed 1024K, reserved 1048576K
}

Deoptimization events (20 events):
Event: 11.824 Thread 0x000002397e8248e0 Uncommon trap: trap_request=0xffffff45 fr.pc=0x00000239482aedc4 relative=0x0000000000000d64
Event: 11.824 Thread 0x000002397e8248e0 Uncommon trap: reason=unstable_if action=reinterpret pc=0x00000239482aedc4 method=java.awt.Container.getMouseEventTargetImpl(IIZLjava/awt/Container$EventTargetFilter;ZZ)Ljava/awt/Component; @ 218 c2
Event: 11.824 Thread 0x000002397e8248e0 DEOPT PACKING pc=0x00000239482aedc4 sp=0x00000062856be760
Event: 11.824 Thread 0x000002397e8248e0 DEOPT UNPACKING pc=0x00000239407323a3 sp=0x00000062856be668 mode 2
Event: 12.889 Thread 0x00000239798dae60 Uncommon trap: trap_request=0xffffff45 fr.pc=0x00000239482d6098 relative=0x00000000000018d8
Event: 12.889 Thread 0x00000239798dae60 Uncommon trap: reason=unstable_if action=reinterpret pc=0x00000239482d6098 method=sun.awt.SunToolkit.postEvent(Lsun/awt/AppContext;Ljava/awt/AWTEvent;)V @ 27 c2
Event: 12.889 Thread 0x00000239798dae60 DEOPT PACKING pc=0x00000239482d6098 sp=0x00000062848fe090
Event: 12.889 Thread 0x00000239798dae60 DEOPT UNPACKING pc=0x00000239407323a3 sp=0x00000062848fe088 mode 2
Event: 12.889 Thread 0x000002397e8248e0 Uncommon trap: trap_request=0xffffffde fr.pc=0x00000239482db43c relative=0x0000000000000b1c
Event: 12.889 Thread 0x000002397e8248e0 Uncommon trap: reason=class_check action=maybe_recompile pc=0x00000239482db43c method=java.awt.EventQueue.dispatchEventImpl(Ljava/awt/AWTEvent;Ljava/lang/Object;)V @ 18 c2
Event: 12.889 Thread 0x000002397e8248e0 DEOPT PACKING pc=0x00000239482db43c sp=0x00000062856bea90
Event: 12.889 Thread 0x000002397e8248e0 DEOPT UNPACKING pc=0x00000239407323a3 sp=0x00000062856bea68 mode 2
Event: 12.894 Thread 0x000002397e8248e0 Uncommon trap: trap_request=0xffffffde fr.pc=0x00000239482db43c relative=0x0000000000000b1c
Event: 12.894 Thread 0x000002397e8248e0 Uncommon trap: reason=class_check action=maybe_recompile pc=0x00000239482db43c method=java.awt.EventQueue.dispatchEventImpl(Ljava/awt/AWTEvent;Ljava/lang/Object;)V @ 18 c2
Event: 12.894 Thread 0x000002397e8248e0 DEOPT PACKING pc=0x00000239482db43c sp=0x00000062856beb40
Event: 12.894 Thread 0x000002397e8248e0 DEOPT UNPACKING pc=0x00000239407323a3 sp=0x00000062856beb18 mode 2
Event: 12.894 Thread 0x000002397e8248e0 Uncommon trap: trap_request=0xffffffde fr.pc=0x00000239482db43c relative=0x0000000000000b1c
Event: 12.894 Thread 0x000002397e8248e0 Uncommon trap: reason=class_check action=maybe_recompile pc=0x00000239482db43c method=java.awt.EventQueue.dispatchEventImpl(Ljava/awt/AWTEvent;Ljava/lang/Object;)V @ 18 c2
Event: 12.894 Thread 0x000002397e8248e0 DEOPT PACKING pc=0x00000239482db43c sp=0x00000062856beb40
Event: 12.894 Thread 0x000002397e8248e0 DEOPT UNPACKING pc=0x00000239407323a3 sp=0x00000062856beb18 mode 2

Classes unloaded (0 events):
No events

Classes redefined (0 events):
No events

Internal exceptions (20 events):
Event: 0.334 Thread 0x0000023938edeb70 Exception <a 'java/lang/NoSuchMethodError'{0x0000000440d325c8}: 'void java.lang.invoke.DirectMethodHandle$Holder.invokeSpecial(java.lang.Object, java.lang.Object, java.lang.Object)'> (0x0000000440d325c8) 
thrown [t:\workspace\open\src\hotspot\share\interpreter\linkResolver.cpp, line 766]
Event: 0.341 Thread 0x0000023938edeb70 Exception <a 'java/lang/NoSuchMethodError'{0x0000000440d5c618}: 'java.lang.Object java.lang.invoke.DirectMethodHandle$Holder.newInvokeSpecial(java.lang.Object, java.lang.Object, java.lang.Object, java.lang.Object, java.lang.Object)'> (0x0000000440d5c618) 
thrown [t:\workspace\open\src\hotspot\share\interpreter\linkResolver.cpp, line 766]
Event: 0.343 Thread 0x0000023938edeb70 Exception <a 'java/lang/NoSuchMethodError'{0x0000000440d67fe0}: 'java.lang.Object java.lang.invoke.DirectMethodHandle$Holder.invokeStatic(java.lang.Object, int, java.lang.Object, java.lang.Object, java.lang.Object, java.lang.Object)'> (0x0000000440d67fe0) 
thrown [t:\workspace\open\src\hotspot\share\interpreter\linkResolver.cpp, line 766]
Event: 0.347 Thread 0x0000023938edeb70 Exception <a 'java/lang/NoSuchMethodError'{0x0000000440d8d7a0}: 'java.lang.Object java.lang.invoke.DirectMethodHandle$Holder.invokeStatic(java.lang.Object, int, java.lang.Object)'> (0x0000000440d8d7a0) 
thrown [t:\workspace\open\src\hotspot\share\interpreter\linkResolver.cpp, line 766]
Event: 0.369 Thread 0x0000023938edeb70 Exception <a 'java/lang/ClassNotFoundException'{0x0000000440f3b150}: com/sun/swing/internal/plaf/metal/resources/spi/metalProvider> (0x0000000440f3b150) 
thrown [t:\workspace\open\src\hotspot\share\classfile\systemDictionary.cpp, line 256]
Event: 0.370 Thread 0x0000023938edeb70 Exception <a 'java/lang/ClassNotFoundException'{0x0000000440f3ed00}: com/sun/swing/internal/plaf/basic/resources/spi/basicProvider> (0x0000000440f3ed00) 
thrown [t:\workspace\open\src\hotspot\share\classfile\systemDictionary.cpp, line 256]
Event: 0.813 Thread 0x0000023938edeb70 Exception <a 'java/lang/NoSuchMethodError'{0x000000043ef1dfb0}: 'void java.lang.invoke.DirectMethodHandle$Holder.invokeStaticInit(java.lang.Object)'> (0x000000043ef1dfb0) 
thrown [t:\workspace\open\src\hotspot\share\interpreter\linkResolver.cpp, line 766]
Event: 1.145 Thread 0x000002397e8248e0 Implicit null exception at 0x00000239482014e0 to 0x0000023948201a18
Event: 2.579 Thread 0x000002397e8248e0 Exception <a 'java/lang/NoSuchMethodError'{0x000000043c20bf90}: 'java.lang.Object java.lang.invoke.DirectMethodHandle$Holder.invokeSpecial(java.lang.Object, java.lang.Object, long, java.lang.Object, int, int, int, int, java.lang.Object, java.lang.Object, java.lang.Object)'> (0x000000043c20bf90) 
thrown [t:\workspace\open\src\hotspot\share\interpreter\linkResolver.cpp, line 766]
Event: 2.579 Thread 0x000002397e8248e0 Exception <a 'java/lang/NoSuchMethodError'{0x000000043c210228}: 'java.lang.Object java.lang.invoke.DelegatingMethodHandle$Holder.reinvoke_L(java.lang.Object, long, java.lang.Object, int, int, int, int, java.lang.Object, java.lang.Object, java.lang.Object)'> (0x000000043c210228) 
thrown [t:\workspace\open\src\hotspot\share\interpreter\linkResolver.cpp, line 766]
Event: 2.588 Thread 0x000002397e8248e0 Exception <a 'java/lang/NoSuchMethodError'{0x000000043c27f610}: 'java.lang.Object java.lang.invoke.DirectMethodHandle$Holder.invokeSpecial(java.lang.Object, java.lang.Object, long, java.lang.Object, java.lang.Object, java.lang.Object, java.lang.Object, int, java.lang.Object, java.lang.Object, java.lang.Object)'> (0x000000043c27f610) 
thrown [t:\workspace\open\src\hotspot\share\interpreter\linkResolver.cpp, line 766]
Event: 2.588 Thread 0x000002397e8248e0 Exception <a 'java/lang/NoSuchMethodError'{0x000000043c284418}: 'java.lang.Object java.lang.invoke.DelegatingMethodHandle$Holder.reinvoke_L(java.lang.Object, long, java.lang.Object, java.lang.Object, java.lang.Object, java.lang.Object, int, java.lang.Object, java.lang.Object, java.lang.Object)'> (0x000000043c284418) 
thrown [t:\workspace\open\src\hotspot\share\interpreter\linkResolver.cpp, line 766]
Event: 2.592 Thread 0x000002397e8248e0 Implicit null exception at 0x000002394824730d to 0x0000023948247388
Event: 2.598 Thread 0x000002397e8248e0 Exception <a 'java/lang/NoSuchMethodError'{0x000000043c315cc0}: 'java.lang.Object java.lang.invoke.DelegatingMethodHandle$Holder.reinvoke_L(java.lang.Object, java.lang.Object, long, java.lang.Object, java.lang.Object, java.lang.Object, java.lang.Object, java.lang.Object, java.lang.Object, java.lang.Object, java.lang.Object, java.lang.Object, java.lang.Object, java.lang.Object, java.lang.Object, java.lang.Object)'> (0x000000043c315cc0) 
thrown [t:\workspace\open\src\hotspot\share\interpreter\linkResolver.cp
Event: 2.605 Thread 0x000002397e8248e0 Exception <a 'java/lang/NoSuchMethodError'{0x000000043c35cee8}: 'java.lang.Object java.lang.invoke.DirectMethodHandle$Holder.invokeSpecial(java.lang.Object, java.lang.Object, long, java.lang.Object, java.lang.Object, java.lang.Object, java.lang.Object, java.lang.Object, java.lang.Object, java.lang.Object, java.lang.Object, java.lang.Object, java.lang.Object, java.lang.Object, java.lang.Object, java.lang.Object)'> (0x000000043c35cee8) 
thrown [t:\workspace\open\src\hotspot\share\interpreter\linkResolver.cpp
Event: 2.605 Thread 0x000002397e8248e0 Exception <a 'java/lang/NoSuchMethodError'{0x000000043c361f28}: 'java.lang.Object java.lang.invoke.DelegatingMethodHandle$Holder.reinvoke_L(java.lang.Object, long, java.lang.Object, java.lang.Object, java.lang.Object, java.lang.Object, java.lang.Object, java.lang.Object, java.lang.Object, java.lang.Object, java.lang.Object, java.lang.Object, java.lang.Object, java.lang.Object, java.lang.Object)'> (0x000000043c361f28) 
thrown [t:\workspace\open\src\hotspot\share\interpreter\linkResolver.cpp, line 766]
Event: 2.607 Thread 0x000002397e8248e0 Exception <a 'java/lang/NoSuchMethodError'{0x000000043c37ba20}: 'java.lang.Object java.lang.invoke.DirectMethodHandle$Holder.invokeSpecial(java.lang.Object, java.lang.Object, java.lang.Object, java.lang.Object, java.lang.Object, java.lang.Object, java.lang.Object, java.lang.Object, java.lang.Object, java.lang.Object, java.lang.Object, java.lang.Object, java.lang.Object, java.lang.Object, java.lang.Object)'> (0x000000043c37ba20) 
thrown [t:\workspace\open\src\hotspot\share\interpreter\linkResolver.cpp, line
Event: 2.607 Thread 0x000002397e8248e0 Exception <a 'java/lang/NoSuchMethodError'{0x000000043c380cc0}: 'java.lang.Object java.lang.invoke.Invokers$Holder.linkToTargetMethod(java.lang.Object, java.lang.Object, java.lang.Object, java.lang.Object, java.lang.Object, java.lang.Object, java.lang.Object, java.lang.Object, java.lang.Object, java.lang.Object, java.lang.Object, java.lang.Object, java.lang.Object, java.lang.Object)'> (0x000000043c380cc0) 
thrown [t:\workspace\open\src\hotspot\share\interpreter\linkResolver.cpp, line 766]
Event: 3.054 Thread 0x000002397e8248e0 Implicit null exception at 0x0000023948261e35 to 0x0000023948261f71
Event: 3.055 Thread 0x000002397e85cb10 Implicit null exception at 0x00000239482619ac to 0x0000023948261a62

VM Operations (20 events):
Event: 6.426 Executing VM operation: ICBufferFull
Event: 6.426 Executing VM operation: ICBufferFull done
Event: 7.099 Executing VM operation: ICBufferFull
Event: 7.099 Executing VM operation: ICBufferFull done
Event: 7.242 Executing VM operation: ICBufferFull
Event: 7.242 Executing VM operation: ICBufferFull done
Event: 8.225 Executing VM operation: ICBufferFull
Event: 8.225 Executing VM operation: ICBufferFull done
Event: 8.395 Executing VM operation: ICBufferFull
Event: 8.395 Executing VM operation: ICBufferFull done
Event: 8.510 Executing VM operation: ICBufferFull
Event: 8.510 Executing VM operation: ICBufferFull done
Event: 9.511 Executing VM operation: Cleanup
Event: 9.511 Executing VM operation: Cleanup done
Event: 10.511 Executing VM operation: Cleanup
Event: 10.511 Executing VM operation: Cleanup done
Event: 11.512 Executing VM operation: Cleanup
Event: 11.512 Executing VM operation: Cleanup done
Event: 12.513 Executing VM operation: Cleanup
Event: 12.513 Executing VM operation: Cleanup done

Events (20 events):
Event: 4.536 loading class javax/swing/text/GapContent$RemoveUndo done
Event: 4.536 loading class javax/swing/text/GapContent$UndoPosRef
Event: 4.536 loading class javax/swing/text/GapContent$UndoPosRef done
Event: 6.550 loading class java/awt/Canvas
Event: 6.550 loading class java/awt/Canvas done
Event: 6.550 loading class java/awt/Scrollbar
Event: 6.550 loading class java/awt/Adjustable
Event: 6.550 loading class java/awt/Adjustable done
Event: 6.550 loading class java/awt/Scrollbar done
Event: 8.061 loading class java/security/DomainCombiner
Event: 8.061 loading class java/security/DomainCombiner done
Event: 11.824 loading class java/awt/LightweightDispatcher$2
Event: 11.824 loading class java/awt/LightweightDispatcher$2 done
Event: 13.008 loading class jdk/internal/misc/Signal$1
Event: 13.008 loading class jdk/internal/misc/Signal$1 done
Event: 13.008 Thread 0x000002397e85cfe0 Thread added: 0x000002397e85cfe0
Event: 13.008 Thread 0x000002397e85d4b0 Thread added: 0x000002397e85d4b0
Event: 13.008 Thread 0x000002397e85a960 Thread added: 0x000002397e85a960
Event: 13.008 Thread 0x000002397e85a960 Thread exited: 0x000002397e85a960
Event: 13.008 Thread 0x000002397e85d980 Thread exited: 0x000002397e85d980


Dynamic libraries:
0x00007ff7cbde0000 - 0x00007ff7cbdee000 	C:\Users\Justin\.jdks\openjdk-17.0.1\bin\java.exe
0x00007ffb06e50000 - 0x00007ffb07045000 	C:\Windows\SYSTEM32\ntdll.dll
0x00007ffb066b0000 - 0x00007ffb0676e000 	C:\Windows\System32\KERNEL32.DLL
0x00007ffb049d0000 - 0x00007ffb04c98000 	C:\Windows\System32\KERNELBASE.dll
0x00007ffb04830000 - 0x00007ffb04930000 	C:\Windows\System32\ucrtbase.dll
0x00007ffafd9c0000 - 0x00007ffafd9da000 	C:\Users\Justin\.jdks\openjdk-17.0.1\bin\VCRUNTIME140.dll
0x00007ffafd880000 - 0x00007ffafd898000 	C:\Users\Justin\.jdks\openjdk-17.0.1\bin\jli.dll
0x00007ffb06820000 - 0x00007ffb069c1000 	C:\Windows\System32\USER32.dll
0x00007ffaf62e0000 - 0x00007ffaf657a000 	C:\Windows\WinSxS\amd64_microsoft.windows.common-controls_6595b64144ccf1df_6.0.19041.1110_none_60b5254171f9507e\COMCTL32.dll
0x00007ffb04800000 - 0x00007ffb04822000 	C:\Windows\System32\win32u.dll
0x00007ffb06260000 - 0x00007ffb0628b000 	C:\Windows\System32\GDI32.dll
0x00007ffb063d0000 - 0x00007ffb0646e000 	C:\Windows\System32\msvcrt.dll
0x00007ffb04d50000 - 0x00007ffb04e5d000 	C:\Windows\System32\gdi32full.dll
0x00007ffb04930000 - 0x00007ffb049cd000 	C:\Windows\System32\msvcp_win.dll
0x00007ffb06c80000 - 0x00007ffb06cb0000 	C:\Windows\System32\IMM32.DLL
0x00007ffaf8730000 - 0x00007ffaf873c000 	C:\Users\Justin\.jdks\openjdk-17.0.1\bin\vcruntime140_1.dll
0x00007ffad6120000 - 0x00007ffad61ad000 	C:\Users\Justin\.jdks\openjdk-17.0.1\bin\msvcp140.dll
0x00007ffa58e10000 - 0x00007ffa599ce000 	C:\Users\Justin\.jdks\openjdk-17.0.1\bin\server\jvm.dll
0x00007ffb06470000 - 0x00007ffb0651e000 	C:\Windows\System32\ADVAPI32.dll
0x00007ffb05020000 - 0x00007ffb050bc000 	C:\Windows\System32\sechost.dll
0x00007ffb069d0000 - 0x00007ffb06af5000 	C:\Windows\System32\RPCRT4.dll
0x00007ffb04e60000 - 0x00007ffb04e68000 	C:\Windows\System32\PSAPI.DLL
0x00007ffacb090000 - 0x00007ffacb099000 	C:\Windows\SYSTEM32\WSOCK32.dll
0x00007ffaf8c90000 - 0x00007ffaf8cb7000 	C:\Windows\SYSTEM32\WINMM.dll
0x00007ffafaa80000 - 0x00007ffafaa8a000 	C:\Windows\SYSTEM32\VERSION.dll
0x00007ffb06520000 - 0x00007ffb0658b000 	C:\Windows\System32\WS2_32.dll
0x00007ffb02400000 - 0x00007ffb02412000 	C:\Windows\SYSTEM32\kernel.appcore.dll
0x00007ffae73b0000 - 0x00007ffae73ba000 	C:\Users\Justin\.jdks\openjdk-17.0.1\bin\jimage.dll
0x00007ffaf5870000 - 0x00007ffaf5a54000 	C:\Windows\SYSTEM32\DBGHELP.DLL
0x00007ffaee1a0000 - 0x00007ffaee1cc000 	C:\Windows\SYSTEM32\dbgcore.DLL
0x00007ffb04610000 - 0x00007ffb04692000 	C:\Windows\System32\bcryptPrimitives.dll
0x00007ffae1380000 - 0x00007ffae138e000 	C:\Users\Justin\.jdks\openjdk-17.0.1\bin\instrument.dll
0x00007ffae0180000 - 0x00007ffae01a5000 	C:\Users\Justin\.jdks\openjdk-17.0.1\bin\java.dll
0x00007ffa804a0000 - 0x00007ffa80576000 	C:\Users\Justin\.jdks\openjdk-17.0.1\bin\svml.dll
0x00007ffb05520000 - 0x00007ffb05c64000 	C:\Windows\System32\SHELL32.dll
0x00007ffb02600000 - 0x00007ffb02d95000 	C:\Windows\SYSTEM32\windows.storage.dll
0x00007ffb051a0000 - 0x00007ffb054f5000 	C:\Windows\System32\combase.dll
0x00007ffb03ea0000 - 0x00007ffb03ece000 	C:\Windows\SYSTEM32\Wldp.dll
0x00007ffb06600000 - 0x00007ffb066ad000 	C:\Windows\System32\SHCORE.dll
0x00007ffb065a0000 - 0x00007ffb065f5000 	C:\Windows\System32\shlwapi.dll
0x00007ffb04470000 - 0x00007ffb0448f000 	C:\Windows\SYSTEM32\profapi.dll
0x00007ffae1360000 - 0x00007ffae1378000 	C:\Users\Justin\.jdks\openjdk-17.0.1\bin\zip.dll
0x00007ffadffa0000 - 0x00007ffadffb9000 	C:\Users\Justin\.jdks\openjdk-17.0.1\bin\net.dll
0x00007ffafd500000 - 0x00007ffafd60c000 	C:\Windows\SYSTEM32\WINHTTP.dll
0x00007ffb03c80000 - 0x00007ffb03cea000 	C:\Windows\system32\mswsock.dll
0x00007ffadff80000 - 0x00007ffadff95000 	C:\Users\Justin\.jdks\openjdk-17.0.1\bin\nio.dll
0x00007ffadd590000 - 0x00007ffadd5aa000 	H:\IntelliJ IDEA Community Edition 2021.3\bin\breakgen64.dll
0x00007ffa63660000 - 0x00007ffa637ee000 	C:\Users\Justin\.jdks\openjdk-17.0.1\bin\awt.dll
0x00007ffb06290000 - 0x00007ffb0635d000 	C:\Windows\System32\OLEAUT32.dll
0x00007ffb01d80000 - 0x00007ffb01e10000 	C:\Windows\SYSTEM32\apphelp.dll
0x00007ffb02110000 - 0x00007ffb0213f000 	C:\Windows\system32\DWMAPI.DLL
0x00007ffb01f20000 - 0x00007ffb01fbe000 	C:\Windows\system32\uxtheme.dll
0x00007ffa77860000 - 0x00007ffa77985000 	C:\Windows\system32\opengl32.dll
0x00007ffadd510000 - 0x00007ffadd53c000 	C:\Windows\SYSTEM32\GLU32.dll
0x00007ffb06b60000 - 0x00007ffb06c75000 	C:\Windows\System32\MSCTF.dll
0x00007ffb06cb0000 - 0x00007ffb06dda000 	C:\Windows\System32\ole32.dll
0x00007ffb04110000 - 0x00007ffb04122000 	C:\Windows\SYSTEM32\msasn1.dll
0x00007ffafaac0000 - 0x00007ffafaaf1000 	C:\Windows\SYSTEM32\cryptnet.dll
0x00007ffb046a0000 - 0x00007ffb047f6000 	C:\Windows\System32\CRYPT32.dll
0x00007ffaf9e70000 - 0x00007ffaf9fba000 	C:\Windows\SYSTEM32\drvstore.dll
0x00007ffb042d0000 - 0x00007ffb04304000 	C:\Windows\SYSTEM32\devobj.dll
0x00007ffb045c0000 - 0x00007ffb0460e000 	C:\Windows\System32\cfgmgr32.dll
0x00007ffb03e10000 - 0x00007ffb03e1c000 	C:\Windows\SYSTEM32\cryptbase.dll
0x00007ffb04560000 - 0x00007ffb045c0000 	C:\Windows\System32\WINTRUST.DLL
0x00007ffb05500000 - 0x00007ffb0551d000 	C:\Windows\System32\imagehlp.dll
0x00007ffb03ee0000 - 0x00007ffb03ef8000 	C:\Windows\SYSTEM32\CRYPTSP.dll
0x00007ffb03550000 - 0x00007ffb03584000 	C:\Windows\system32\rsaenh.dll
0x00007ffb04530000 - 0x00007ffb04557000 	C:\Windows\System32\bcrypt.dll
0x00007ffa79a50000 - 0x00007ffa79d13000 	C:\Windows\system32\nvspcap64.dll
0x00007ffb031e0000 - 0x00007ffb03213000 	C:\Windows\SYSTEM32\ntmarta.dll
0x00007ffb02db0000 - 0x00007ffb02dd3000 	C:\Windows\SYSTEM32\gpapi.dll
0x00007ffafaa40000 - 0x00007ffafaa7b000 	C:\Windows\SYSTEM32\dxcore.dll
0x00007ffa80410000 - 0x00007ffa80499000 	C:\Users\Justin\.jdks\openjdk-17.0.1\bin\freetype.dll
0x00007ffa80360000 - 0x00007ffa80408000 	C:\Users\Justin\.jdks\openjdk-17.0.1\bin\fontmanager.dll
0x00007ffae6950000 - 0x00007ffae6a49000 	C:\Windows\SYSTEM32\textinputframework.dll
0x00007ffb01a20000 - 0x00007ffb01b12000 	C:\Windows\System32\CoreMessaging.dll
0x00007ffb016c0000 - 0x00007ffb01a1e000 	C:\Windows\System32\CoreUIComponents.dll
0x00007ffb00360000 - 0x00007ffb004b4000 	C:\Windows\SYSTEM32\wintypes.dll
0x00007ffaf61d0000 - 0x00007ffaf6236000 	C:\Windows\system32\Oleacc.dll
0x00007ffb06770000 - 0x00007ffb06819000 	C:\Windows\System32\clbcatq.dll
0x00007ffafe400000 - 0x00007ffafe5b4000 	C:\Windows\SYSTEM32\WindowsCodecs.dll

dbghelp: loaded successfully - version: 4.0.5 - missing functions: none
symbol engine: initialized successfully - sym options: 0x614 - pdb path: .;C:\Users\Justin\.jdks\openjdk-17.0.1\bin;C:\Windows\SYSTEM32;C:\Windows\WinSxS\amd64_microsoft.windows.common-controls_6595b64144ccf1df_6.0.19041.1110_none_60b5254171f9507e;C:\Users\Justin\.jdks\openjdk-17.0.1\bin\server;H:\IntelliJ IDEA Community Edition 2021.3\bin;C:\Windows\System32\DriverStore\FileRepository\nv_dispi.inf_amd64_733101c735b9e264

VM Arguments:
jvm_args: -javaagent:H:\IntelliJ IDEA Community Edition 2021.3\lib\idea_rt.jar=53117:H:\IntelliJ IDEA Community Edition 2021.3\bin -Dfile.encoding=UTF-8 
java_command: com.company.Main
java_class_path (initial): H:\Programming\Java\Notopoly\out\production\Notopoly;H:\Programming\Java\Notopoly\lib\annotations-20.1.0.jar
Launcher Type: SUN_STANDARD

[Global flags]
     intx CICompilerCount                          = 4                                         {product} {ergonomic}
     uint ConcGCThreads                            = 3                                         {product} {ergonomic}
     uint G1ConcRefinementThreads                  = 10                                        {product} {ergonomic}
   size_t G1HeapRegionSize                         = 8388608                                   {product} {ergonomic}
    uintx GCDrainStackTargetSize                   = 64                                        {product} {ergonomic}
   size_t InitialHeapSize                          = 1073741824                                {product} {ergonomic}
   size_t MarkStackSize                            = 4194304                                   {product} {ergonomic}
   size_t MaxHeapSize                              = 17163091968                               {product} {ergonomic}
   size_t MaxNewSize                               = 10292822016                               {product} {ergonomic}
   size_t MinHeapDeltaBytes                        = 8388608                                   {product} {ergonomic}
   size_t MinHeapSize                              = 8388608                                   {product} {ergonomic}
    uintx NonNMethodCodeHeapSize                   = 5839372                                {pd product} {ergonomic}
    uintx NonProfiledCodeHeapSize                  = 122909434                              {pd product} {ergonomic}
    uintx ProfiledCodeHeapSize                     = 122909434                              {pd product} {ergonomic}
    uintx ReservedCodeCacheSize                    = 251658240                              {pd product} {ergonomic}
     bool SegmentedCodeCache                       = true                                      {product} {ergonomic}
   size_t SoftMaxHeapSize                          = 17163091968                            {manageable} {ergonomic}
     bool UseCompressedClassPointers               = true                           {product lp64_product} {ergonomic}
     bool UseCompressedOops                        = true                           {product lp64_product} {ergonomic}
     bool UseG1GC                                  = true                                      {product} {ergonomic}
     bool UseLargePagesIndividualAllocation        = false                                  {pd product} {ergonomic}

Logging:
Log output configuration:
 #0: stdout all=warning uptime,level,tags
 #1: stderr all=off uptime,level,tags

Environment Variables:
JAVA_HOME=C:\Users\Justin\.jdks\openjdk-17.0.1
PATH=H:\VMWARE\bin\;C:\Program Files\Common Files\Oracle\Java\javapath;C:\Program Files (x86)\Common Files\Oracle\Java\javapath;C:\Program Files\NVIDIA GPU Computing Toolkit\CUDA\v11.5\bin;C:\Program Files\NVIDIA GPU Computing Toolkit\CUDA\v11.5\libnvvp;C:\Program Files (x86)\Common Files\Intel\Shared Libraries\redist\intel64\compiler;C:\Windows\system32;C:\Windows;C:\Windows\System32\Wbem;C:\Windows\System32\WindowsPowerShell\v1.0\;C:\Windows\System32\OpenSSH\;C:\Program Files\NVIDIA Corporation\NVIDIA NvDLISR;C:\Program Files (x86)\NVIDIA Corporation\PhysX\Common;C:\Program Files\Docker\Docker\resources\bin;C:\ProgramData\DockerDesktop\version-bin;D:\Programming\Git\cmd;C:\Program Files\NVIDIA Corporation\Nsight Compute 2021.3.0\;C:\Program Files\dotnet\;C:\Program Files (x86)\Tailscale IPN;C:\Users\Justin\AppData\Local\Programs\Python\Python310\Scripts\;C:\Users\Justin\AppData\Local\Programs\Python\Python310\;C:\Users\Justin\AppData\Local\Programs\Python\Python39\Scripts\;C:\Users\Justin\AppData\Local\Programs\Python\Python39\;C:\Users\Justin\AppData\Local\Programs\Python\Python38\Scripts\;C:\Users\Justin\AppData\Local\Programs\Python\Python38\;C:\Users\Justin\AppData\Local\Programs\Python\Python37\Scripts\;C:\Users\Justin\AppData\Local\Programs\Python\Python37\;C:\Users\Justin\AppData\Local\Programs\Python\Python36\Scripts\;C:\Users\Justin\AppData\Local\Programs\Python\Python36\;C:\Users\Justin\AppData\Local\Microsoft\WindowsApps;;H:\IntelliJ IDEA Community Edition 2021.3\bin;;D:\Microsoft VS Code\bin
USERNAME=Justin
OS=Windows_NT
PROCESSOR_IDENTIFIER=Intel64 Family 6 Model 158 Stepping 10, GenuineIntel



---------------  S Y S T E M  ---------------

OS:
 Windows 10 , 64 bit Build 19041 (10.0.19041.1466)
OS uptime: 0 days 19:01 hours
Hyper-V role detected

CPU: total 12 (initial active 12) (6 cores per cpu, 2 threads per core) family 6 model 158 stepping 10 microcode 0xb4, cx8, cmov, fxsr, ht, mmx, 3dnowpref, sse, sse2, sse3, ssse3, sse4.1, sse4.2, popcnt, lzcnt, tsc, tscinvbit, avx, avx2, aes, erms, clmul, bmi1, bmi2, rtm, adx, fma, vzeroupper, clflush, clflushopt, hv

Memory: 4k page, system-wide physical 65462M (18547M free)
TotalPageFile size 75190M (AvailPageFile size 49558M)
current process WorkingSet (physical memory assigned to process): 265M, peak: 297M
current process commit charge ("private bytes"): 1221M, peak: 1265M

vm_info: OpenJDK 64-Bit Server VM (17.0.1+12-39) for windows-amd64 JRE (17.0.1+12-39), built on Sep 27 2021 18:39:29 by "mach5one" with MS VC++ 16.8 (VS2019)

END.
